=========== CASE: DUCT ===========
I1(B1):
    ⎛             2                2⎞
    ⎜⎛∂          ⎞    ⎛∂          ⎞ ⎟
0.5⋅⎜⎜──(U(y, z))⎟  + ⎜──(U(y, z))⎟ ⎟
    ⎝⎝∂y         ⎠    ⎝∂z         ⎠ ⎠
I1(B2):
0
I1(B3):
     ⎛             2                2⎞
     ⎜⎛∂          ⎞    ⎛∂          ⎞ ⎟
-0.5⋅⎜⎜──(U(y, z))⎟  + ⎜──(U(y, z))⎟ ⎟
     ⎝⎝∂y         ⎠    ⎝∂z         ⎠ ⎠
I1(B4):
   ⎛             2                2⎞
   ⎜⎛∂          ⎞    ⎛∂          ⎞ ⎟
-2⋅⎜⎜──(a(y, z))⎟  + ⎜──(a(y, z))⎟ ⎟
   ⎝⎝∂y         ⎠    ⎝∂z         ⎠ ⎠
I1(B5):
   ⎛             2                2⎞
   ⎜⎛∂          ⎞    ⎛∂          ⎞ ⎟
-2⋅⎜⎜──(b(y, z))⎟  + ⎜──(b(y, z))⎟ ⎟
   ⎝⎝∂y         ⎠    ⎝∂z         ⎠ ⎠
I1(B6):
0
I1(B7):
                                                2
       ⎛                 2                    2⎞ 
       ⎜    ⎛∂          ⎞        ⎛∂          ⎞ ⎟ 
-0.125⋅⎜1.0⋅⎜──(U(y, z))⎟  + 1.0⋅⎜──(U(y, z))⎟ ⎟ 
       ⎝    ⎝∂y         ⎠        ⎝∂z         ⎠ ⎠ 
I1(B8):
0
I1(B9):
0
I1(B10):
     ⎛                 2              2                    2              2   
     ⎜    ⎛∂          ⎞  ⎛∂          ⎞        ⎛∂          ⎞  ⎛∂          ⎞    
-0.5⋅⎜0.5⋅⎜──(U(y, z))⎟ ⋅⎜──(a(y, z))⎟  + 1.0⋅⎜──(U(y, z))⎟ ⋅⎜──(a(y, z))⎟  - 
     ⎝    ⎝∂y         ⎠  ⎝∂y         ⎠        ⎝∂y         ⎠  ⎝∂z         ⎠    

                                                                   2          
∂           ∂           ∂           ∂                 ⎛∂          ⎞  ⎛∂       
──(U(y, z))⋅──(U(y, z))⋅──(a(y, z))⋅──(a(y, z)) + 1.0⋅⎜──(U(y, z))⎟ ⋅⎜──(a(y, 
∂y          ∂z          ∂y          ∂z                ⎝∂z         ⎠  ⎝∂y      

    2                    2              2⎞
   ⎞        ⎛∂          ⎞  ⎛∂          ⎞ ⎟
z))⎟  + 0.5⋅⎜──(U(y, z))⎟ ⋅⎜──(a(y, z))⎟ ⎟
   ⎠        ⎝∂z         ⎠  ⎝∂z         ⎠ ⎠
I1(B11):
                                                                  2           
       ⎛    ∂           ∂                 ∂           ∂          ⎞  ⎛    ∂    
-0.125⋅⎜1.0⋅──(U(y, z))⋅──(a(y, z)) + 1.0⋅──(U(y, z))⋅──(a(y, z))⎟ ⋅⎜1.0⋅──(U(
       ⎝    ∂y          ∂y                ∂z          ∂z         ⎠  ⎝    ∂y   

                                             
       ∂             ∂           ∂          ⎞
y, z))⋅──(a(y, z)) - ──(U(y, z))⋅──(a(y, z))⎟
       ∂z            ∂z          ∂y         ⎠
I1(B12):
0
I1(B13):
     ⎛                 2              2                    2              2   
     ⎜    ⎛∂          ⎞  ⎛∂          ⎞        ⎛∂          ⎞  ⎛∂          ⎞    
-0.5⋅⎜0.5⋅⎜──(U(y, z))⎟ ⋅⎜──(b(y, z))⎟  + 1.0⋅⎜──(U(y, z))⎟ ⋅⎜──(b(y, z))⎟  - 
     ⎝    ⎝∂y         ⎠  ⎝∂y         ⎠        ⎝∂y         ⎠  ⎝∂z         ⎠    

                                                                   2          
∂           ∂           ∂           ∂                 ⎛∂          ⎞  ⎛∂       
──(U(y, z))⋅──(U(y, z))⋅──(b(y, z))⋅──(b(y, z)) + 1.0⋅⎜──(U(y, z))⎟ ⋅⎜──(b(y, 
∂y          ∂z          ∂y          ∂z                ⎝∂z         ⎠  ⎝∂y      

    2                    2              2⎞
   ⎞        ⎛∂          ⎞  ⎛∂          ⎞ ⎟
z))⎟  + 0.5⋅⎜──(U(y, z))⎟ ⋅⎜──(b(y, z))⎟ ⎟
   ⎠        ⎝∂z         ⎠  ⎝∂z         ⎠ ⎠
I1(B14):
                                                                  2           
       ⎛    ∂           ∂                 ∂           ∂          ⎞  ⎛    ∂    
-0.125⋅⎜1.0⋅──(U(y, z))⋅──(b(y, z)) + 1.0⋅──(U(y, z))⋅──(b(y, z))⎟ ⋅⎜1.0⋅──(U(
       ⎝    ∂y          ∂y                ∂z          ∂z         ⎠  ⎝    ∂y   

                                             
       ∂             ∂           ∂          ⎞
y, z))⋅──(b(y, z)) - ──(U(y, z))⋅──(b(y, z))⎟
       ∂z            ∂z          ∂y         ⎠
I1(B15):
    ⎛∂           ∂             ∂           ∂          ⎞
1.0⋅⎜──(U(y, z))⋅──(a(y, z)) - ──(U(y, z))⋅──(a(y, z))⎟
    ⎝∂y          ∂z            ∂z          ∂y         ⎠
I1(B16):
   ⎛∂           ∂             ∂           ∂          ⎞
-2⋅⎜──(a(y, z))⋅──(b(y, z)) + ──(a(y, z))⋅──(b(y, z))⎟
   ⎝∂y          ∂y            ∂z          ∂z         ⎠
I1(B17):
    ⎛∂           ∂             ∂           ∂          ⎞
1.0⋅⎜──(U(y, z))⋅──(b(y, z)) - ──(U(y, z))⋅──(b(y, z))⎟
    ⎝∂y          ∂z            ∂z          ∂y         ⎠
I1(B18):
0
I1(B19):
                                                         ⎛             2      
     ⎛∂           ∂             ∂           ∂          ⎞ ⎜⎛∂          ⎞    ⎛∂ 
0.25⋅⎜──(U(y, z))⋅──(a(y, z)) - ──(U(y, z))⋅──(a(y, z))⎟⋅⎜⎜──(U(y, z))⎟  + ⎜──
     ⎝∂y          ∂z            ∂z          ∂y         ⎠ ⎝⎝∂y         ⎠    ⎝∂z

          2⎞
         ⎞ ⎟
(U(y, z))⎟ ⎟
         ⎠ ⎠
I1(B20):
0
I1(B21):
                                                                 2
      ⎛    ∂           ∂                 ∂           ∂          ⎞ 
-0.25⋅⎜1.0⋅──(U(y, z))⋅──(a(y, z)) + 1.0⋅──(U(y, z))⋅──(a(y, z))⎟ 
      ⎝    ∂y          ∂y                ∂z          ∂z         ⎠ 
I1(B22):
0
I1(B23):
0
I1(B24):
0
I1(B25):
                                                                  2 ⎛         
       ⎛    ∂           ∂                 ∂           ∂          ⎞  ⎜    ⎛∂   
0.0625⋅⎜1.0⋅──(U(y, z))⋅──(a(y, z)) + 1.0⋅──(U(y, z))⋅──(a(y, z))⎟ ⋅⎜1.0⋅⎜──(U
       ⎝    ∂y          ∂y                ∂z          ∂z         ⎠  ⎝    ⎝∂y  

        2                    2⎞
       ⎞        ⎛∂          ⎞ ⎟
(y, z))⎟  + 1.0⋅⎜──(U(y, z))⎟ ⎟
       ⎠        ⎝∂z         ⎠ ⎠
I1(B26):
0
I1(B27):
                                                         ⎛             2      
     ⎛∂           ∂             ∂           ∂          ⎞ ⎜⎛∂          ⎞    ⎛∂ 
0.25⋅⎜──(U(y, z))⋅──(b(y, z)) - ──(U(y, z))⋅──(b(y, z))⎟⋅⎜⎜──(U(y, z))⎟  + ⎜──
     ⎝∂y          ∂z            ∂z          ∂y         ⎠ ⎝⎝∂y         ⎠    ⎝∂z

          2⎞
         ⎞ ⎟
(U(y, z))⎟ ⎟
         ⎠ ⎠
I1(B28):
0
I1(B29):
                                                                 2
      ⎛    ∂           ∂                 ∂           ∂          ⎞ 
-0.25⋅⎜1.0⋅──(U(y, z))⋅──(b(y, z)) + 1.0⋅──(U(y, z))⋅──(b(y, z))⎟ 
      ⎝    ∂y          ∂y                ∂z          ∂z         ⎠ 
I1(B30):
0
I1(B31):
0
I1(B32):
0
I1(B33):
                                                                  2 ⎛         
       ⎛    ∂           ∂                 ∂           ∂          ⎞  ⎜    ⎛∂   
0.0625⋅⎜1.0⋅──(U(y, z))⋅──(b(y, z)) + 1.0⋅──(U(y, z))⋅──(b(y, z))⎟ ⋅⎜1.0⋅⎜──(U
       ⎝    ∂y          ∂y                ∂z          ∂z         ⎠  ⎝    ⎝∂y  

        2                    2⎞
       ⎞        ⎛∂          ⎞ ⎟
(y, z))⎟  + 1.0⋅⎜──(U(y, z))⎟ ⎟
       ⎠        ⎝∂z         ⎠ ⎠
I1(B34):
0
I1(B35):
     ⎛                 2                                            2         
     ⎜    ⎛∂          ⎞  ∂           ∂                 ⎛∂          ⎞  ∂       
-0.5⋅⎜0.5⋅⎜──(U(y, z))⎟ ⋅──(a(y, z))⋅──(b(y, z)) + 1.0⋅⎜──(U(y, z))⎟ ⋅──(a(y, 
     ⎝    ⎝∂y         ⎠  ∂y          ∂y                ⎝∂y         ⎠  ∂z      

                                                                              
    ∂                 ∂           ∂           ∂           ∂                 ∂ 
z))⋅──(b(y, z)) - 0.5⋅──(U(y, z))⋅──(U(y, z))⋅──(a(y, z))⋅──(b(y, z)) - 0.5⋅──
    ∂z                ∂y          ∂z          ∂y          ∂z                ∂y

                                                                 2            
          ∂           ∂           ∂                 ⎛∂          ⎞  ∂          
(U(y, z))⋅──(U(y, z))⋅──(a(y, z))⋅──(b(y, z)) + 1.0⋅⎜──(U(y, z))⎟ ⋅──(a(y, z))
          ∂z          ∂z          ∂y                ⎝∂z         ⎠  ∂y         

                                2                        ⎞
 ∂                 ⎛∂          ⎞  ∂           ∂          ⎟
⋅──(b(y, z)) + 0.5⋅⎜──(U(y, z))⎟ ⋅──(a(y, z))⋅──(b(y, z))⎟
 ∂y                ⎝∂z         ⎠  ∂z          ∂z         ⎠
I1(B36):
    ⎛∂           ∂             ∂           ∂          ⎞ ⎛∂           ∂        
0.5⋅⎜──(U(y, z))⋅──(a(y, z)) + ──(U(y, z))⋅──(a(y, z))⎟⋅⎜──(a(y, z))⋅──(b(y, z
    ⎝∂y          ∂y            ∂z          ∂z         ⎠ ⎝∂y          ∂z       

     ∂           ∂          ⎞
)) - ──(a(y, z))⋅──(b(y, z))⎟
     ∂z          ∂y         ⎠
I1(B37):
     ⎛∂           ∂             ∂           ∂          ⎞ ⎛∂           ∂       
-0.5⋅⎜──(U(y, z))⋅──(b(y, z)) + ──(U(y, z))⋅──(b(y, z))⎟⋅⎜──(a(y, z))⋅──(b(y, 
     ⎝∂y          ∂y            ∂z          ∂z         ⎠ ⎝∂y          ∂z      

      ∂           ∂          ⎞
z)) - ──(a(y, z))⋅──(b(y, z))⎟
      ∂z          ∂y         ⎠
I1(B38):
0
I1(B39):
0
I1(B40):
                                                                  2           
       ⎛    ∂           ∂                 ∂           ∂          ⎞  ⎛    ∂    
-0.125⋅⎜1.0⋅──(U(y, z))⋅──(a(y, z)) + 1.0⋅──(U(y, z))⋅──(a(y, z))⎟ ⋅⎜1.0⋅──(U(
       ⎝    ∂y          ∂y                ∂z          ∂z         ⎠  ⎝    ∂y   

                                             
       ∂             ∂           ∂          ⎞
y, z))⋅──(b(y, z)) - ──(U(y, z))⋅──(b(y, z))⎟
       ∂z            ∂z          ∂y         ⎠
I1(B41):
                                                                              
       ⎛    ∂           ∂             ∂           ∂          ⎞ ⎛    ∂         
-0.125⋅⎜1.0⋅──(U(y, z))⋅──(a(y, z)) - ──(U(y, z))⋅──(a(y, z))⎟⋅⎜1.0⋅──(U(y, z)
       ⎝    ∂y          ∂z            ∂z          ∂y         ⎠ ⎝    ∂y        

                                            2
  ∂                 ∂           ∂          ⎞ 
)⋅──(b(y, z)) + 1.0⋅──(U(y, z))⋅──(b(y, z))⎟ 
  ∂y                ∂z          ∂z         ⎠ 
I1(B42):
0
I1(B43):
     ⎛∂           ∂             ∂           ∂          ⎞ ⎛∂           ∂       
0.25⋅⎜──(U(y, z))⋅──(a(y, z)) + ──(U(y, z))⋅──(a(y, z))⎟⋅⎜──(U(y, z))⋅──(b(y, 
     ⎝∂y          ∂y            ∂z          ∂z         ⎠ ⎝∂y          ∂y      

      ∂           ∂          ⎞
z)) + ──(U(y, z))⋅──(b(y, z))⎟
      ∂z          ∂z         ⎠
I1(B44):
     ⎛∂           ∂             ∂           ∂          ⎞ ⎛∂           ∂       
0.25⋅⎜──(U(y, z))⋅──(a(y, z)) + ──(U(y, z))⋅──(a(y, z))⎟⋅⎜──(U(y, z))⋅──(b(y, 
     ⎝∂y          ∂y            ∂z          ∂z         ⎠ ⎝∂y          ∂y      

      ∂           ∂          ⎞
z)) + ──(U(y, z))⋅──(b(y, z))⎟
      ∂z          ∂z         ⎠
I1(B45):
0
I1(B46):
0
I1(B47):
0
I2(B1):
                                                2
       ⎛                 2                    2⎞ 
       ⎜    ⎛∂          ⎞        ⎛∂          ⎞ ⎟ 
0.0625⋅⎜1.0⋅⎜──(U(y, z))⎟  + 1.0⋅⎜──(U(y, z))⎟ ⎟ 
       ⎝    ⎝∂y         ⎠        ⎝∂z         ⎠ ⎠ 
I2(B2):
                                                   3
          ⎛                 2                    2⎞ 
          ⎜    ⎛∂          ⎞        ⎛∂          ⎞ ⎟ 
-0.015625⋅⎜1.0⋅⎜──(U(y, z))⎟  + 1.0⋅⎜──(U(y, z))⎟ ⎟ 
          ⎝    ⎝∂y         ⎠        ⎝∂z         ⎠ ⎠ 
I2(B3):
                                                2
       ⎛                 2                    2⎞ 
       ⎜    ⎛∂          ⎞        ⎛∂          ⎞ ⎟ 
0.0625⋅⎜1.0⋅⎜──(U(y, z))⎟  + 1.0⋅⎜──(U(y, z))⎟ ⎟ 
       ⎝    ⎝∂y         ⎠        ⎝∂z         ⎠ ⎠ 
I2(B4):
                                             2
    ⎛                 2                    2⎞ 
    ⎜    ⎛∂          ⎞        ⎛∂          ⎞ ⎟ 
1.0⋅⎜1.0⋅⎜──(a(y, z))⎟  + 1.0⋅⎜──(a(y, z))⎟ ⎟ 
    ⎝    ⎝∂y         ⎠        ⎝∂z         ⎠ ⎠ 
I2(B5):
                                             2
    ⎛                 2                    2⎞ 
    ⎜    ⎛∂          ⎞        ⎛∂          ⎞ ⎟ 
1.0⋅⎜1.0⋅⎜──(b(y, z))⎟  + 1.0⋅⎜──(b(y, z))⎟ ⎟ 
    ⎝    ⎝∂y         ⎠        ⎝∂z         ⎠ ⎠ 
I2(B6):
                                                   3
          ⎛                 2                    2⎞ 
          ⎜    ⎛∂          ⎞        ⎛∂          ⎞ ⎟ 
-0.015625⋅⎜1.0⋅⎜──(U(y, z))⎟  + 1.0⋅⎜──(U(y, z))⎟ ⎟ 
          ⎝    ⎝∂y         ⎠        ⎝∂z         ⎠ ⎠ 
I2(B7):
                                                    4
           ⎛                 2                    2⎞ 
           ⎜    ⎛∂          ⎞        ⎛∂          ⎞ ⎟ 
0.00390625⋅⎜1.0⋅⎜──(U(y, z))⎟  + 1.0⋅⎜──(U(y, z))⎟ ⎟ 
           ⎝    ⎝∂y         ⎠        ⎝∂z         ⎠ ⎠ 
I2(B8):
                                                         6
                ⎛                 2                    2⎞ 
                ⎜    ⎛∂          ⎞        ⎛∂          ⎞ ⎟ 
-0.000244140625⋅⎜1.0⋅⎜──(U(y, z))⎟  + 1.0⋅⎜──(U(y, z))⎟ ⎟ 
                ⎝    ⎝∂y         ⎠        ⎝∂z         ⎠ ⎠ 
I2(B9):
                                                             2 ⎛              
      ⎛    ∂           ∂             ∂           ∂          ⎞  ⎜    ⎛∂        
-0.25⋅⎜1.0⋅──(U(y, z))⋅──(a(y, z)) - ──(U(y, z))⋅──(a(y, z))⎟ ⋅⎜1.0⋅⎜──(a(y, z
      ⎝    ∂y          ∂z            ∂z          ∂y         ⎠  ⎝    ⎝∂y       

   2                    2⎞
  ⎞        ⎛∂          ⎞ ⎟
))⎟  + 1.0⋅⎜──(a(y, z))⎟ ⎟
  ⎠        ⎝∂z         ⎠ ⎠
I2(B10):
                                                              2 ⎛             
       ⎛    ∂           ∂             ∂           ∂          ⎞  ⎜    ⎛∂       
0.0625⋅⎜1.0⋅──(U(y, z))⋅──(a(y, z)) - ──(U(y, z))⋅──(a(y, z))⎟ ⋅⎜1.0⋅⎜──(U(y, 
       ⎝    ∂y          ∂z            ∂z          ∂y         ⎠  ⎝    ⎝∂y      

    2                    2⎞ ⎛                 2                    2⎞
   ⎞        ⎛∂          ⎞ ⎟ ⎜    ⎛∂          ⎞        ⎛∂          ⎞ ⎟
z))⎟  + 1.0⋅⎜──(U(y, z))⎟ ⎟⋅⎜1.0⋅⎜──(a(y, z))⎟  + 1.0⋅⎜──(a(y, z))⎟ ⎟
   ⎠        ⎝∂z         ⎠ ⎠ ⎝    ⎝∂y         ⎠        ⎝∂z         ⎠ ⎠
I2(B11):
                                                                 4 ⎛          
          ⎛    ∂           ∂             ∂           ∂          ⎞  ⎜    ⎛∂    
-0.015625⋅⎜1.0⋅──(U(y, z))⋅──(a(y, z)) - ──(U(y, z))⋅──(a(y, z))⎟ ⋅⎜1.0⋅⎜──(U(
          ⎝    ∂y          ∂z            ∂z          ∂y         ⎠  ⎝    ⎝∂y   

       2                    2⎞ ⎛                 2                    2⎞
      ⎞        ⎛∂          ⎞ ⎟ ⎜    ⎛∂          ⎞        ⎛∂          ⎞ ⎟
y, z))⎟  + 1.0⋅⎜──(U(y, z))⎟ ⎟⋅⎜1.0⋅⎜──(a(y, z))⎟  + 1.0⋅⎜──(a(y, z))⎟ ⎟
      ⎠        ⎝∂z         ⎠ ⎠ ⎝    ⎝∂y         ⎠        ⎝∂z         ⎠ ⎠
I2(B12):
                                                             2 ⎛              
      ⎛    ∂           ∂             ∂           ∂          ⎞  ⎜    ⎛∂        
-0.25⋅⎜1.0⋅──(U(y, z))⋅──(b(y, z)) - ──(U(y, z))⋅──(b(y, z))⎟ ⋅⎜1.0⋅⎜──(b(y, z
      ⎝    ∂y          ∂z            ∂z          ∂y         ⎠  ⎝    ⎝∂y       

   2                    2⎞
  ⎞        ⎛∂          ⎞ ⎟
))⎟  + 1.0⋅⎜──(b(y, z))⎟ ⎟
  ⎠        ⎝∂z         ⎠ ⎠
I2(B13):
                                                              2 ⎛             
       ⎛    ∂           ∂             ∂           ∂          ⎞  ⎜    ⎛∂       
0.0625⋅⎜1.0⋅──(U(y, z))⋅──(b(y, z)) - ──(U(y, z))⋅──(b(y, z))⎟ ⋅⎜1.0⋅⎜──(U(y, 
       ⎝    ∂y          ∂z            ∂z          ∂y         ⎠  ⎝    ⎝∂y      

    2                    2⎞ ⎛                 2                    2⎞
   ⎞        ⎛∂          ⎞ ⎟ ⎜    ⎛∂          ⎞        ⎛∂          ⎞ ⎟
z))⎟  + 1.0⋅⎜──(U(y, z))⎟ ⎟⋅⎜1.0⋅⎜──(b(y, z))⎟  + 1.0⋅⎜──(b(y, z))⎟ ⎟
   ⎠        ⎝∂z         ⎠ ⎠ ⎝    ⎝∂y         ⎠        ⎝∂z         ⎠ ⎠
I2(B14):
                                                                 4 ⎛          
          ⎛    ∂           ∂             ∂           ∂          ⎞  ⎜    ⎛∂    
-0.015625⋅⎜1.0⋅──(U(y, z))⋅──(b(y, z)) - ──(U(y, z))⋅──(b(y, z))⎟ ⋅⎜1.0⋅⎜──(U(
          ⎝    ∂y          ∂z            ∂z          ∂y         ⎠  ⎝    ⎝∂y   

       2                    2⎞ ⎛                 2                    2⎞
      ⎞        ⎛∂          ⎞ ⎟ ⎜    ⎛∂          ⎞        ⎛∂          ⎞ ⎟
y, z))⎟  + 1.0⋅⎜──(U(y, z))⎟ ⎟⋅⎜1.0⋅⎜──(b(y, z))⎟  + 1.0⋅⎜──(b(y, z))⎟ ⎟
      ⎠        ⎝∂z         ⎠ ⎠ ⎝    ⎝∂y         ⎠        ⎝∂z         ⎠ ⎠
I2(B15):
                                                            2
     ⎛    ∂           ∂             ∂           ∂          ⎞ 
0.25⋅⎜1.0⋅──(U(y, z))⋅──(a(y, z)) - ──(U(y, z))⋅──(a(y, z))⎟ 
     ⎝    ∂y          ∂z            ∂z          ∂y         ⎠ 
I2(B16):
                                                               2
    ⎛    ∂           ∂                 ∂           ∂          ⎞ 
1.0⋅⎜1.0⋅──(a(y, z))⋅──(b(y, z)) + 1.0⋅──(a(y, z))⋅──(b(y, z))⎟ 
    ⎝    ∂y          ∂y                ∂z          ∂z         ⎠ 
I2(B17):
                                                            2
     ⎛    ∂           ∂             ∂           ∂          ⎞ 
0.25⋅⎜1.0⋅──(U(y, z))⋅──(b(y, z)) - ──(U(y, z))⋅──(b(y, z))⎟ 
     ⎝    ∂y          ∂z            ∂z          ∂y         ⎠ 
I2(B18):
                                                               2 ⎛            
        ⎛    ∂           ∂             ∂           ∂          ⎞  ⎜    ⎛∂      
-0.0625⋅⎜1.0⋅──(U(y, z))⋅──(a(y, z)) - ──(U(y, z))⋅──(a(y, z))⎟ ⋅⎜1.0⋅⎜──(U(y,
        ⎝    ∂y          ∂z            ∂z          ∂y         ⎠  ⎝    ⎝∂y     

     2                    2⎞
    ⎞        ⎛∂          ⎞ ⎟
 z))⎟  + 1.0⋅⎜──(U(y, z))⎟ ⎟
    ⎠        ⎝∂z         ⎠ ⎠
I2(B19):
                                                                              
                                                                2 ⎛           
         ⎛    ∂           ∂             ∂           ∂          ⎞  ⎜    ⎛∂     
0.015625⋅⎜1.0⋅──(U(y, z))⋅──(a(y, z)) - ──(U(y, z))⋅──(a(y, z))⎟ ⋅⎜1.0⋅⎜──(U(y
         ⎝    ∂y          ∂z            ∂z          ∂y         ⎠  ⎝    ⎝∂y    

                             2
      2                    2⎞ 
     ⎞        ⎛∂          ⎞ ⎟ 
, z))⎟  + 1.0⋅⎜──(U(y, z))⎟ ⎟ 
     ⎠        ⎝∂z         ⎠ ⎠ 
I2(B20):
                                                                              
                                                                 2 ⎛          
          ⎛    ∂           ∂             ∂           ∂          ⎞  ⎜    ⎛∂    
-0.015625⋅⎜1.0⋅──(U(y, z))⋅──(a(y, z)) - ──(U(y, z))⋅──(a(y, z))⎟ ⋅⎜1.0⋅⎜──(U(
          ⎝    ∂y          ∂z            ∂z          ∂y         ⎠  ⎝    ⎝∂y   

                              2
       2                    2⎞ 
      ⎞        ⎛∂          ⎞ ⎟ 
y, z))⎟  + 1.0⋅⎜──(U(y, z))⎟ ⎟ 
      ⎠        ⎝∂z         ⎠ ⎠ 
I2(B21):
                                                               2 ⎛            
        ⎛    ∂           ∂             ∂           ∂          ⎞  ⎜    ⎛∂      
-0.0625⋅⎜1.0⋅──(U(y, z))⋅──(a(y, z)) - ──(U(y, z))⋅──(a(y, z))⎟ ⋅⎜1.0⋅⎜──(U(y,
        ⎝    ∂y          ∂z            ∂z          ∂y         ⎠  ⎝    ⎝∂y     

     2                    2⎞ ⎛                 2                    2⎞
    ⎞        ⎛∂          ⎞ ⎟ ⎜    ⎛∂          ⎞        ⎛∂          ⎞ ⎟
 z))⎟  + 1.0⋅⎜──(U(y, z))⎟ ⎟⋅⎜1.0⋅⎜──(a(y, z))⎟  + 1.0⋅⎜──(a(y, z))⎟ ⎟
    ⎠        ⎝∂z         ⎠ ⎠ ⎝    ⎝∂y         ⎠        ⎝∂z         ⎠ ⎠
I2(B22):
                                                                              
                                                                  2 ⎛         
           ⎛    ∂           ∂             ∂           ∂          ⎞  ⎜    ⎛∂   
0.00390625⋅⎜1.0⋅──(U(y, z))⋅──(a(y, z)) - ──(U(y, z))⋅──(a(y, z))⎟ ⋅⎜1.0⋅⎜──(U
           ⎝    ∂y          ∂z            ∂z          ∂y         ⎠  ⎝    ⎝∂y  

                               3
        2                    2⎞ 
       ⎞        ⎛∂          ⎞ ⎟ 
(y, z))⎟  + 1.0⋅⎜──(U(y, z))⎟ ⎟ 
       ⎠        ⎝∂z         ⎠ ⎠ 
I2(B23):
                                                                              
                                                                2 ⎛           
         ⎛    ∂           ∂             ∂           ∂          ⎞  ⎜    ⎛∂     
0.015625⋅⎜1.0⋅──(U(y, z))⋅──(a(y, z)) - ──(U(y, z))⋅──(a(y, z))⎟ ⋅⎜1.0⋅⎜──(U(y
         ⎝    ∂y          ∂z            ∂z          ∂y         ⎠  ⎝    ⎝∂y    

                             2                                          
      2                    2⎞  ⎛                 2                    2⎞
     ⎞        ⎛∂          ⎞ ⎟  ⎜    ⎛∂          ⎞        ⎛∂          ⎞ ⎟
, z))⎟  + 1.0⋅⎜──(U(y, z))⎟ ⎟ ⋅⎜1.0⋅⎜──(a(y, z))⎟  + 1.0⋅⎜──(a(y, z))⎟ ⎟
     ⎠        ⎝∂z         ⎠ ⎠  ⎝    ⎝∂y         ⎠        ⎝∂z         ⎠ ⎠
I2(B24):
                                                                              
                                                                     2 ⎛      
              ⎛    ∂           ∂             ∂           ∂          ⎞  ⎜    ⎛∂
-0.0009765625⋅⎜1.0⋅──(U(y, z))⋅──(a(y, z)) - ──(U(y, z))⋅──(a(y, z))⎟ ⋅⎜1.0⋅⎜─
              ⎝    ∂y          ∂z            ∂z          ∂y         ⎠  ⎝    ⎝∂

                                  4
           2                    2⎞ 
          ⎞        ⎛∂          ⎞ ⎟ 
─(U(y, z))⎟  + 1.0⋅⎜──(U(y, z))⎟ ⎟ 
y         ⎠        ⎝∂z         ⎠ ⎠ 
I2(B25):
                                                                              
                                                                   2 ⎛        
            ⎛    ∂           ∂             ∂           ∂          ⎞  ⎜    ⎛∂  
-0.00390625⋅⎜1.0⋅──(U(y, z))⋅──(a(y, z)) - ──(U(y, z))⋅──(a(y, z))⎟ ⋅⎜1.0⋅⎜──(
            ⎝    ∂y          ∂z            ∂z          ∂y         ⎠  ⎝    ⎝∂y 

                                3                                          
         2                    2⎞  ⎛                 2                    2⎞
        ⎞        ⎛∂          ⎞ ⎟  ⎜    ⎛∂          ⎞        ⎛∂          ⎞ ⎟
U(y, z))⎟  + 1.0⋅⎜──(U(y, z))⎟ ⎟ ⋅⎜1.0⋅⎜──(a(y, z))⎟  + 1.0⋅⎜──(a(y, z))⎟ ⎟
        ⎠        ⎝∂z         ⎠ ⎠  ⎝    ⎝∂y         ⎠        ⎝∂z         ⎠ ⎠
I2(B26):
                                                               2 ⎛            
        ⎛    ∂           ∂             ∂           ∂          ⎞  ⎜    ⎛∂      
-0.0625⋅⎜1.0⋅──(U(y, z))⋅──(b(y, z)) - ──(U(y, z))⋅──(b(y, z))⎟ ⋅⎜1.0⋅⎜──(U(y,
        ⎝    ∂y          ∂z            ∂z          ∂y         ⎠  ⎝    ⎝∂y     

     2                    2⎞
    ⎞        ⎛∂          ⎞ ⎟
 z))⎟  + 1.0⋅⎜──(U(y, z))⎟ ⎟
    ⎠        ⎝∂z         ⎠ ⎠
I2(B27):
                                                                              
                                                                2 ⎛           
         ⎛    ∂           ∂             ∂           ∂          ⎞  ⎜    ⎛∂     
0.015625⋅⎜1.0⋅──(U(y, z))⋅──(b(y, z)) - ──(U(y, z))⋅──(b(y, z))⎟ ⋅⎜1.0⋅⎜──(U(y
         ⎝    ∂y          ∂z            ∂z          ∂y         ⎠  ⎝    ⎝∂y    

                             2
      2                    2⎞ 
     ⎞        ⎛∂          ⎞ ⎟ 
, z))⎟  + 1.0⋅⎜──(U(y, z))⎟ ⎟ 
     ⎠        ⎝∂z         ⎠ ⎠ 
I2(B28):
                                                                              
                                                                 2 ⎛          
          ⎛    ∂           ∂             ∂           ∂          ⎞  ⎜    ⎛∂    
-0.015625⋅⎜1.0⋅──(U(y, z))⋅──(b(y, z)) - ──(U(y, z))⋅──(b(y, z))⎟ ⋅⎜1.0⋅⎜──(U(
          ⎝    ∂y          ∂z            ∂z          ∂y         ⎠  ⎝    ⎝∂y   

                              2
       2                    2⎞ 
      ⎞        ⎛∂          ⎞ ⎟ 
y, z))⎟  + 1.0⋅⎜──(U(y, z))⎟ ⎟ 
      ⎠        ⎝∂z         ⎠ ⎠ 
I2(B29):
                                                               2 ⎛            
        ⎛    ∂           ∂             ∂           ∂          ⎞  ⎜    ⎛∂      
-0.0625⋅⎜1.0⋅──(U(y, z))⋅──(b(y, z)) - ──(U(y, z))⋅──(b(y, z))⎟ ⋅⎜1.0⋅⎜──(U(y,
        ⎝    ∂y          ∂z            ∂z          ∂y         ⎠  ⎝    ⎝∂y     

     2                    2⎞ ⎛                 2                    2⎞
    ⎞        ⎛∂          ⎞ ⎟ ⎜    ⎛∂          ⎞        ⎛∂          ⎞ ⎟
 z))⎟  + 1.0⋅⎜──(U(y, z))⎟ ⎟⋅⎜1.0⋅⎜──(b(y, z))⎟  + 1.0⋅⎜──(b(y, z))⎟ ⎟
    ⎠        ⎝∂z         ⎠ ⎠ ⎝    ⎝∂y         ⎠        ⎝∂z         ⎠ ⎠
I2(B30):
                                                                              
                                                                  2 ⎛         
           ⎛    ∂           ∂             ∂           ∂          ⎞  ⎜    ⎛∂   
0.00390625⋅⎜1.0⋅──(U(y, z))⋅──(b(y, z)) - ──(U(y, z))⋅──(b(y, z))⎟ ⋅⎜1.0⋅⎜──(U
           ⎝    ∂y          ∂z            ∂z          ∂y         ⎠  ⎝    ⎝∂y  

                               3
        2                    2⎞ 
       ⎞        ⎛∂          ⎞ ⎟ 
(y, z))⎟  + 1.0⋅⎜──(U(y, z))⎟ ⎟ 
       ⎠        ⎝∂z         ⎠ ⎠ 
I2(B31):
                                                                              
                                                                2 ⎛           
         ⎛    ∂           ∂             ∂           ∂          ⎞  ⎜    ⎛∂     
0.015625⋅⎜1.0⋅──(U(y, z))⋅──(b(y, z)) - ──(U(y, z))⋅──(b(y, z))⎟ ⋅⎜1.0⋅⎜──(U(y
         ⎝    ∂y          ∂z            ∂z          ∂y         ⎠  ⎝    ⎝∂y    

                             2                                          
      2                    2⎞  ⎛                 2                    2⎞
     ⎞        ⎛∂          ⎞ ⎟  ⎜    ⎛∂          ⎞        ⎛∂          ⎞ ⎟
, z))⎟  + 1.0⋅⎜──(U(y, z))⎟ ⎟ ⋅⎜1.0⋅⎜──(b(y, z))⎟  + 1.0⋅⎜──(b(y, z))⎟ ⎟
     ⎠        ⎝∂z         ⎠ ⎠  ⎝    ⎝∂y         ⎠        ⎝∂z         ⎠ ⎠
I2(B32):
                                                                              
                                                                     2 ⎛      
              ⎛    ∂           ∂             ∂           ∂          ⎞  ⎜    ⎛∂
-0.0009765625⋅⎜1.0⋅──(U(y, z))⋅──(b(y, z)) - ──(U(y, z))⋅──(b(y, z))⎟ ⋅⎜1.0⋅⎜─
              ⎝    ∂y          ∂z            ∂z          ∂y         ⎠  ⎝    ⎝∂

                                  4
           2                    2⎞ 
          ⎞        ⎛∂          ⎞ ⎟ 
─(U(y, z))⎟  + 1.0⋅⎜──(U(y, z))⎟ ⎟ 
y         ⎠        ⎝∂z         ⎠ ⎠ 
I2(B33):
                                                                              
                                                                   2 ⎛        
            ⎛    ∂           ∂             ∂           ∂          ⎞  ⎜    ⎛∂  
-0.00390625⋅⎜1.0⋅──(U(y, z))⋅──(b(y, z)) - ──(U(y, z))⋅──(b(y, z))⎟ ⋅⎜1.0⋅⎜──(
            ⎝    ∂y          ∂z            ∂z          ∂y         ⎠  ⎝    ⎝∂y 

                                3                                          
         2                    2⎞  ⎛                 2                    2⎞
        ⎞        ⎛∂          ⎞ ⎟  ⎜    ⎛∂          ⎞        ⎛∂          ⎞ ⎟
U(y, z))⎟  + 1.0⋅⎜──(U(y, z))⎟ ⎟ ⋅⎜1.0⋅⎜──(b(y, z))⎟  + 1.0⋅⎜──(b(y, z))⎟ ⎟
        ⎠        ⎝∂z         ⎠ ⎠  ⎝    ⎝∂y         ⎠        ⎝∂z         ⎠ ⎠
I2(B34):
      ⎛∂           ∂             ∂           ∂          ⎞ ⎛∂           ∂      
-0.25⋅⎜──(U(y, z))⋅──(a(y, z)) - ──(U(y, z))⋅──(a(y, z))⎟⋅⎜──(U(y, z))⋅──(b(y,
      ⎝∂y          ∂z            ∂z          ∂y         ⎠ ⎝∂y          ∂z     

       ∂           ∂          ⎞ ⎛∂           ∂             ∂           ∂      
 z)) - ──(U(y, z))⋅──(b(y, z))⎟⋅⎜──(a(y, z))⋅──(b(y, z)) + ──(a(y, z))⋅──(b(y,
       ∂z          ∂y         ⎠ ⎝∂y          ∂y            ∂z          ∂z     

    ⎞
 z))⎟
    ⎠
I2(B35):
                                                                              
       ⎛    ∂           ∂             ∂           ∂          ⎞ ⎛    ∂         
0.0625⋅⎜1.0⋅──(U(y, z))⋅──(a(y, z)) - ──(U(y, z))⋅──(a(y, z))⎟⋅⎜1.0⋅──(U(y, z)
       ⎝    ∂y          ∂z            ∂z          ∂y         ⎠ ⎝    ∂y        

                                                                              
  ∂             ∂           ∂          ⎞ ⎛    ∂           ∂                 ∂ 
)⋅──(b(y, z)) - ──(U(y, z))⋅──(b(y, z))⎟⋅⎜1.0⋅──(a(y, z))⋅──(b(y, z)) + 1.0⋅──
  ∂z            ∂z          ∂y         ⎠ ⎝    ∂y          ∂y                ∂z

                       ⎛                 2                    2⎞
          ∂          ⎞ ⎜    ⎛∂          ⎞        ⎛∂          ⎞ ⎟
(a(y, z))⋅──(b(y, z))⎟⋅⎜1.0⋅⎜──(U(y, z))⎟  + 1.0⋅⎜──(U(y, z))⎟ ⎟
          ∂z         ⎠ ⎝    ⎝∂y         ⎠        ⎝∂z         ⎠ ⎠
I2(B36):
                                                                              
      ⎛    ∂           ∂             ∂           ∂          ⎞ ⎛    ∂          
-0.25⋅⎜1.0⋅──(U(y, z))⋅──(a(y, z)) - ──(U(y, z))⋅──(a(y, z))⎟⋅⎜1.0⋅──(U(y, z))
      ⎝    ∂y          ∂z            ∂z          ∂y         ⎠ ⎝    ∂y         

                                                                              
 ∂             ∂           ∂          ⎞ ⎛    ∂           ∂                 ∂  
⋅──(b(y, z)) - ──(U(y, z))⋅──(b(y, z))⎟⋅⎜1.0⋅──(a(y, z))⋅──(b(y, z)) + 1.0⋅──(
 ∂z            ∂z          ∂y         ⎠ ⎝    ∂y          ∂y                ∂z 

                      ⎛                 2                    2⎞
         ∂          ⎞ ⎜    ⎛∂          ⎞        ⎛∂          ⎞ ⎟
a(y, z))⋅──(b(y, z))⎟⋅⎜1.0⋅⎜──(a(y, z))⎟  + 1.0⋅⎜──(a(y, z))⎟ ⎟
         ∂z         ⎠ ⎝    ⎝∂y         ⎠        ⎝∂z         ⎠ ⎠
I2(B37):
                                                                              
      ⎛    ∂           ∂             ∂           ∂          ⎞ ⎛    ∂          
-0.25⋅⎜1.0⋅──(U(y, z))⋅──(a(y, z)) - ──(U(y, z))⋅──(a(y, z))⎟⋅⎜1.0⋅──(U(y, z))
      ⎝    ∂y          ∂z            ∂z          ∂y         ⎠ ⎝    ∂y         

                                                                              
 ∂             ∂           ∂          ⎞ ⎛    ∂           ∂                 ∂  
⋅──(b(y, z)) - ──(U(y, z))⋅──(b(y, z))⎟⋅⎜1.0⋅──(a(y, z))⋅──(b(y, z)) + 1.0⋅──(
 ∂z            ∂z          ∂y         ⎠ ⎝    ∂y          ∂y                ∂z 

                      ⎛                 2                    2⎞
         ∂          ⎞ ⎜    ⎛∂          ⎞        ⎛∂          ⎞ ⎟
a(y, z))⋅──(b(y, z))⎟⋅⎜1.0⋅⎜──(b(y, z))⎟  + 1.0⋅⎜──(b(y, z))⎟ ⎟
         ∂z         ⎠ ⎝    ⎝∂y         ⎠        ⎝∂z         ⎠ ⎠
I2(B38):
                                                                              
       ⎛    ∂           ∂             ∂           ∂          ⎞ ⎛    ∂         
0.0625⋅⎜1.0⋅──(U(y, z))⋅──(a(y, z)) - ──(U(y, z))⋅──(a(y, z))⎟⋅⎜1.0⋅──(U(y, z)
       ⎝    ∂y          ∂z            ∂z          ∂y         ⎠ ⎝    ∂y        

                                                                              
  ∂             ∂           ∂          ⎞ ⎛    ∂           ∂                 ∂ 
)⋅──(b(y, z)) - ──(U(y, z))⋅──(b(y, z))⎟⋅⎜1.0⋅──(a(y, z))⋅──(b(y, z)) + 1.0⋅──
  ∂z            ∂z          ∂y         ⎠ ⎝    ∂y          ∂y                ∂z

                       ⎛                 2                    2⎞ ⎛            
          ∂          ⎞ ⎜    ⎛∂          ⎞        ⎛∂          ⎞ ⎟ ⎜    ⎛∂      
(a(y, z))⋅──(b(y, z))⎟⋅⎜1.0⋅⎜──(U(y, z))⎟  + 1.0⋅⎜──(U(y, z))⎟ ⎟⋅⎜1.0⋅⎜──(a(y,
          ∂z         ⎠ ⎝    ⎝∂y         ⎠        ⎝∂z         ⎠ ⎠ ⎝    ⎝∂y     

     2                    2⎞
    ⎞        ⎛∂          ⎞ ⎟
 z))⎟  + 1.0⋅⎜──(a(y, z))⎟ ⎟
    ⎠        ⎝∂z         ⎠ ⎠
I2(B39):
                                                                              
       ⎛    ∂           ∂             ∂           ∂          ⎞ ⎛    ∂         
0.0625⋅⎜1.0⋅──(U(y, z))⋅──(a(y, z)) - ──(U(y, z))⋅──(a(y, z))⎟⋅⎜1.0⋅──(U(y, z)
       ⎝    ∂y          ∂z            ∂z          ∂y         ⎠ ⎝    ∂y        

                                                                              
  ∂             ∂           ∂          ⎞ ⎛    ∂           ∂                 ∂ 
)⋅──(b(y, z)) - ──(U(y, z))⋅──(b(y, z))⎟⋅⎜1.0⋅──(a(y, z))⋅──(b(y, z)) + 1.0⋅──
  ∂z            ∂z          ∂y         ⎠ ⎝    ∂y          ∂y                ∂z

                       ⎛                 2                    2⎞ ⎛            
          ∂          ⎞ ⎜    ⎛∂          ⎞        ⎛∂          ⎞ ⎟ ⎜    ⎛∂      
(a(y, z))⋅──(b(y, z))⎟⋅⎜1.0⋅⎜──(U(y, z))⎟  + 1.0⋅⎜──(U(y, z))⎟ ⎟⋅⎜1.0⋅⎜──(b(y,
          ∂z         ⎠ ⎝    ⎝∂y         ⎠        ⎝∂z         ⎠ ⎠ ⎝    ⎝∂y     

     2                    2⎞
    ⎞        ⎛∂          ⎞ ⎟
 z))⎟  + 1.0⋅⎜──(b(y, z))⎟ ⎟
    ⎠        ⎝∂z         ⎠ ⎠
I2(B40):
                                                                 2            
          ⎛    ∂           ∂             ∂           ∂          ⎞  ⎛    ∂     
-0.015625⋅⎜1.0⋅──(U(y, z))⋅──(a(y, z)) - ──(U(y, z))⋅──(a(y, z))⎟ ⋅⎜1.0⋅──(U(y
          ⎝    ∂y          ∂z            ∂z          ∂y         ⎠  ⎝    ∂y    

                                            2 ⎛                 2             
      ∂             ∂           ∂          ⎞  ⎜    ⎛∂          ⎞        ⎛∂    
, z))⋅──(b(y, z)) - ──(U(y, z))⋅──(b(y, z))⎟ ⋅⎜1.0⋅⎜──(U(y, z))⎟  + 1.0⋅⎜──(U(
      ∂z            ∂z          ∂y         ⎠  ⎝    ⎝∂y         ⎠        ⎝∂z   

       2⎞ ⎛                 2                    2⎞
      ⎞ ⎟ ⎜    ⎛∂          ⎞        ⎛∂          ⎞ ⎟
y, z))⎟ ⎟⋅⎜1.0⋅⎜──(a(y, z))⎟  + 1.0⋅⎜──(a(y, z))⎟ ⎟
      ⎠ ⎠ ⎝    ⎝∂y         ⎠        ⎝∂z         ⎠ ⎠
I2(B41):
                                                                 2            
          ⎛    ∂           ∂             ∂           ∂          ⎞  ⎛    ∂     
-0.015625⋅⎜1.0⋅──(U(y, z))⋅──(a(y, z)) - ──(U(y, z))⋅──(a(y, z))⎟ ⋅⎜1.0⋅──(U(y
          ⎝    ∂y          ∂z            ∂z          ∂y         ⎠  ⎝    ∂y    

                                            2 ⎛                 2             
      ∂             ∂           ∂          ⎞  ⎜    ⎛∂          ⎞        ⎛∂    
, z))⋅──(b(y, z)) - ──(U(y, z))⋅──(b(y, z))⎟ ⋅⎜1.0⋅⎜──(U(y, z))⎟  + 1.0⋅⎜──(U(
      ∂z            ∂z          ∂y         ⎠  ⎝    ⎝∂y         ⎠        ⎝∂z   

       2⎞ ⎛                 2                    2⎞
      ⎞ ⎟ ⎜    ⎛∂          ⎞        ⎛∂          ⎞ ⎟
y, z))⎟ ⎟⋅⎜1.0⋅⎜──(b(y, z))⎟  + 1.0⋅⎜──(b(y, z))⎟ ⎟
      ⎠ ⎠ ⎝    ⎝∂y         ⎠        ⎝∂z         ⎠ ⎠
I2(B42):
     ⎛∂           ∂             ∂           ∂          ⎞ ⎛∂           ∂       
0.25⋅⎜──(U(y, z))⋅──(a(y, z)) - ──(U(y, z))⋅──(a(y, z))⎟⋅⎜──(U(y, z))⋅──(b(y, 
     ⎝∂y          ∂z            ∂z          ∂y         ⎠ ⎝∂y          ∂z      

      ∂           ∂          ⎞ ⎛∂           ∂             ∂           ∂       
z)) - ──(U(y, z))⋅──(b(y, z))⎟⋅⎜──(a(y, z))⋅──(b(y, z)) + ──(a(y, z))⋅──(b(y, 
      ∂z          ∂y         ⎠ ⎝∂y          ∂y            ∂z          ∂z      

   ⎞
z))⎟
   ⎠
I2(B43):
                                                                              
        ⎛    ∂           ∂             ∂           ∂          ⎞ ⎛    ∂        
-0.0625⋅⎜1.0⋅──(U(y, z))⋅──(a(y, z)) - ──(U(y, z))⋅──(a(y, z))⎟⋅⎜1.0⋅──(U(y, z
        ⎝    ∂y          ∂z            ∂z          ∂y         ⎠ ⎝    ∂y       

                                                                              
   ∂             ∂           ∂          ⎞ ⎛    ∂           ∂                 ∂
))⋅──(b(y, z)) - ──(U(y, z))⋅──(b(y, z))⎟⋅⎜1.0⋅──(a(y, z))⋅──(b(y, z)) + 1.0⋅─
   ∂z            ∂z          ∂y         ⎠ ⎝    ∂y          ∂y                ∂

                        ⎛                 2                    2⎞
           ∂          ⎞ ⎜    ⎛∂          ⎞        ⎛∂          ⎞ ⎟
─(a(y, z))⋅──(b(y, z))⎟⋅⎜1.0⋅⎜──(U(y, z))⎟  + 1.0⋅⎜──(U(y, z))⎟ ⎟
z          ∂z         ⎠ ⎝    ⎝∂y         ⎠        ⎝∂z         ⎠ ⎠
I2(B44):
                                                                              
        ⎛    ∂           ∂             ∂           ∂          ⎞ ⎛    ∂        
-0.0625⋅⎜1.0⋅──(U(y, z))⋅──(a(y, z)) - ──(U(y, z))⋅──(a(y, z))⎟⋅⎜1.0⋅──(U(y, z
        ⎝    ∂y          ∂z            ∂z          ∂y         ⎠ ⎝    ∂y       

                                                                              
   ∂             ∂           ∂          ⎞ ⎛    ∂           ∂                 ∂
))⋅──(b(y, z)) - ──(U(y, z))⋅──(b(y, z))⎟⋅⎜1.0⋅──(a(y, z))⋅──(b(y, z)) + 1.0⋅─
   ∂z            ∂z          ∂y         ⎠ ⎝    ∂y          ∂y                ∂

                        ⎛                 2                    2⎞
           ∂          ⎞ ⎜    ⎛∂          ⎞        ⎛∂          ⎞ ⎟
─(a(y, z))⋅──(b(y, z))⎟⋅⎜1.0⋅⎜──(U(y, z))⎟  + 1.0⋅⎜──(U(y, z))⎟ ⎟
z          ∂z         ⎠ ⎝    ⎝∂y         ⎠        ⎝∂z         ⎠ ⎠
I2(B45):
                                                                              
                                                                              
         ⎛    ∂           ∂             ∂           ∂          ⎞ ⎛    ∂       
0.015625⋅⎜1.0⋅──(U(y, z))⋅──(a(y, z)) - ──(U(y, z))⋅──(a(y, z))⎟⋅⎜1.0⋅──(U(y, 
         ⎝    ∂y          ∂z            ∂z          ∂y         ⎠ ⎝    ∂y      

                                                                              
                                                                              
    ∂             ∂           ∂          ⎞ ⎛    ∂           ∂                 
z))⋅──(b(y, z)) - ──(U(y, z))⋅──(b(y, z))⎟⋅⎜1.0⋅──(a(y, z))⋅──(b(y, z)) + 1.0⋅
    ∂z            ∂z          ∂y         ⎠ ⎝    ∂y          ∂y                

                                                                  2
                         ⎛                 2                    2⎞ 
∂           ∂          ⎞ ⎜    ⎛∂          ⎞        ⎛∂          ⎞ ⎟ 
──(a(y, z))⋅──(b(y, z))⎟⋅⎜1.0⋅⎜──(U(y, z))⎟  + 1.0⋅⎜──(U(y, z))⎟ ⎟ 
∂z          ∂z         ⎠ ⎝    ⎝∂y         ⎠        ⎝∂z         ⎠ ⎠ 
I2(B46):
                                                                              
                                                                              
         ⎛    ∂           ∂             ∂           ∂          ⎞ ⎛    ∂       
0.015625⋅⎜1.0⋅──(U(y, z))⋅──(a(y, z)) - ──(U(y, z))⋅──(a(y, z))⎟⋅⎜1.0⋅──(U(y, 
         ⎝    ∂y          ∂z            ∂z          ∂y         ⎠ ⎝    ∂y      

                                                                              
                                                                              
    ∂             ∂           ∂          ⎞ ⎛    ∂           ∂                 
z))⋅──(b(y, z)) - ──(U(y, z))⋅──(b(y, z))⎟⋅⎜1.0⋅──(a(y, z))⋅──(b(y, z)) + 1.0⋅
    ∂z            ∂z          ∂y         ⎠ ⎝    ∂y          ∂y                

                                                                  2
                         ⎛                 2                    2⎞ 
∂           ∂          ⎞ ⎜    ⎛∂          ⎞        ⎛∂          ⎞ ⎟ 
──(a(y, z))⋅──(b(y, z))⎟⋅⎜1.0⋅⎜──(U(y, z))⎟  + 1.0⋅⎜──(U(y, z))⎟ ⎟ 
∂z          ∂z         ⎠ ⎝    ⎝∂y         ⎠        ⎝∂z         ⎠ ⎠ 
I2(B47):
                                                                              
                                                                   2          
            ⎛    ∂           ∂             ∂           ∂          ⎞  ⎛    ∂   
-0.00390625⋅⎜1.0⋅──(U(y, z))⋅──(a(y, z)) - ──(U(y, z))⋅──(a(y, z))⎟ ⋅⎜1.0⋅──(U
            ⎝    ∂y          ∂z            ∂z          ∂y         ⎠  ⎝    ∂y  

                                                                              
                                              2 ⎛                 2           
        ∂             ∂           ∂          ⎞  ⎜    ⎛∂          ⎞        ⎛∂  
(y, z))⋅──(b(y, z)) - ──(U(y, z))⋅──(b(y, z))⎟ ⋅⎜1.0⋅⎜──(U(y, z))⎟  + 1.0⋅⎜──(
        ∂z            ∂z          ∂y         ⎠  ⎝    ⎝∂y         ⎠        ⎝∂z 

           2
         2⎞ 
        ⎞ ⎟ 
U(y, z))⎟ ⎟ 
        ⎠ ⎠ 
=========== CASE: 2D_XY ===========
I1(B1):
    ⎛                 2                    2                                  
    ⎜    ⎛∂          ⎞        ⎛∂          ⎞        ∂           ∂              
1.0⋅⎜1.0⋅⎜──(U(x, y))⎟  + 0.5⋅⎜──(U(x, y))⎟  + 1.0⋅──(U(x, y))⋅──(V(x, y)) + 0
    ⎝    ⎝∂x         ⎠        ⎝∂y         ⎠        ∂y          ∂x             

                2                    2⎞
   ⎛∂          ⎞        ⎛∂          ⎞ ⎟
.5⋅⎜──(V(x, y))⎟  + 1.0⋅⎜──(V(x, y))⎟ ⎟
   ⎝∂x         ⎠        ⎝∂y         ⎠ ⎠
I1(B2):
0
I1(B3):
                                2
     ⎛∂             ∂          ⎞ 
-0.5⋅⎜──(U(x, y)) - ──(V(x, y))⎟ 
     ⎝∂y            ∂x         ⎠ 
I1(B4):
   ⎛             2                2⎞
   ⎜⎛∂          ⎞    ⎛∂          ⎞ ⎟
-2⋅⎜⎜──(a(x, y))⎟  + ⎜──(a(x, y))⎟ ⎟
   ⎝⎝∂x         ⎠    ⎝∂y         ⎠ ⎠
I1(B5):
   ⎛             2                2⎞
   ⎜⎛∂          ⎞    ⎛∂          ⎞ ⎟
-2⋅⎜⎜──(b(x, y))⎟  + ⎜──(b(x, y))⎟ ⎟
   ⎝⎝∂x         ⎠    ⎝∂y         ⎠ ⎠
I1(B6):
0
I1(B7):
                                 2 ⎛                 2                    2   
      ⎛∂             ∂          ⎞  ⎜    ⎛∂          ⎞        ⎛∂          ⎞    
-0.25⋅⎜──(U(x, y)) - ──(V(x, y))⎟ ⋅⎜1.0⋅⎜──(U(x, y))⎟  + 0.5⋅⎜──(U(x, y))⎟  + 
      ⎝∂y            ∂x         ⎠  ⎝    ⎝∂x         ⎠        ⎝∂y         ⎠    

                                               2                    2⎞
    ∂           ∂                 ⎛∂          ⎞        ⎛∂          ⎞ ⎟
1.0⋅──(U(x, y))⋅──(V(x, y)) + 0.5⋅⎜──(V(x, y))⎟  + 1.0⋅⎜──(V(x, y))⎟ ⎟
    ∂y          ∂x                ⎝∂x         ⎠        ⎝∂y         ⎠ ⎠
I1(B8):
0
I1(B9):
     ⎛                         2                                              
     ⎜∂           ⎛∂          ⎞    ∂           ∂           ∂             ∂    
-1.0⋅⎜──(U(x, y))⋅⎜──(a(x, y))⎟  - ──(U(x, y))⋅──(a(x, y))⋅──(a(x, y)) - ──(V(
     ⎝∂x          ⎝∂y         ⎠    ∂y          ∂x          ∂y            ∂x   

                                                          2⎞
       ∂           ∂             ∂           ⎛∂          ⎞ ⎟
x, y))⋅──(a(x, y))⋅──(a(x, y)) + ──(V(x, y))⋅⎜──(a(x, y))⎟ ⎟
       ∂x          ∂y            ∂y          ⎝∂x         ⎠ ⎠
I1(B10):
     ⎛                 2              2                                       
     ⎜    ⎛∂          ⎞  ⎛∂          ⎞    ∂           ∂           ∂           
-1.0⋅⎜1.0⋅⎜──(U(x, y))⎟ ⋅⎜──(a(x, y))⎟  - ──(U(x, y))⋅──(U(x, y))⋅──(a(x, y))⋅
     ⎝    ⎝∂x         ⎠  ⎝∂y         ⎠    ∂x          ∂y          ∂x          

                                                                              
∂             ∂           ∂           ∂           ∂                  ⎛∂       
──(a(x, y)) - ──(U(x, y))⋅──(V(x, y))⋅──(a(x, y))⋅──(a(x, y)) + 0.25⋅⎜──(U(x, 
∂y            ∂x          ∂x          ∂x          ∂y                 ⎝∂y      

    2              2                     2              2                     
   ⎞  ⎛∂          ⎞         ⎛∂          ⎞  ⎛∂          ⎞        ∂           ∂ 
y))⎟ ⋅⎜──(a(x, y))⎟  + 0.25⋅⎜──(U(x, y))⎟ ⋅⎜──(a(x, y))⎟  + 0.5⋅──(U(x, y))⋅──
   ⎠  ⎝∂x         ⎠         ⎝∂y         ⎠  ⎝∂y         ⎠        ∂y          ∂x

                       2                                            2         
          ⎛∂          ⎞        ∂           ∂           ⎛∂          ⎞    ∂     
(V(x, y))⋅⎜──(a(x, y))⎟  + 0.5⋅──(U(x, y))⋅──(V(x, y))⋅⎜──(a(x, y))⎟  - ──(U(x
          ⎝∂x         ⎠        ∂y          ∂x          ⎝∂y         ⎠    ∂y    

                                                              2              2
      ∂           ∂           ∂                  ⎛∂          ⎞  ⎛∂          ⎞ 
, y))⋅──(V(x, y))⋅──(a(x, y))⋅──(a(x, y)) + 0.25⋅⎜──(V(x, y))⎟ ⋅⎜──(a(x, y))⎟ 
      ∂y          ∂x          ∂y                 ⎝∂x         ⎠  ⎝∂x         ⎠ 

                     2              2                                         
        ⎛∂          ⎞  ⎛∂          ⎞    ∂           ∂           ∂           ∂ 
 + 0.25⋅⎜──(V(x, y))⎟ ⋅⎜──(a(x, y))⎟  - ──(V(x, y))⋅──(V(x, y))⋅──(a(x, y))⋅──
        ⎝∂x         ⎠  ⎝∂y         ⎠    ∂x          ∂y          ∂x          ∂y

                             2              2⎞
                ⎛∂          ⎞  ⎛∂          ⎞ ⎟
(a(x, y)) + 1.0⋅⎜──(V(x, y))⎟ ⋅⎜──(a(x, y))⎟ ⎟
                ⎝∂y         ⎠  ⎝∂x         ⎠ ⎠
I1(B11):
0
I1(B12):
     ⎛                         2                                              
     ⎜∂           ⎛∂          ⎞    ∂           ∂           ∂             ∂    
-1.0⋅⎜──(U(x, y))⋅⎜──(b(x, y))⎟  - ──(U(x, y))⋅──(b(x, y))⋅──(b(x, y)) - ──(V(
     ⎝∂x          ⎝∂y         ⎠    ∂y          ∂x          ∂y            ∂x   

                                                          2⎞
       ∂           ∂             ∂           ⎛∂          ⎞ ⎟
x, y))⋅──(b(x, y))⋅──(b(x, y)) + ──(V(x, y))⋅⎜──(b(x, y))⎟ ⎟
       ∂x          ∂y            ∂y          ⎝∂x         ⎠ ⎠
I1(B13):
     ⎛                 2              2                                       
     ⎜    ⎛∂          ⎞  ⎛∂          ⎞    ∂           ∂           ∂           
-1.0⋅⎜1.0⋅⎜──(U(x, y))⎟ ⋅⎜──(b(x, y))⎟  - ──(U(x, y))⋅──(U(x, y))⋅──(b(x, y))⋅
     ⎝    ⎝∂x         ⎠  ⎝∂y         ⎠    ∂x          ∂y          ∂x          

                                                                              
∂             ∂           ∂           ∂           ∂                  ⎛∂       
──(b(x, y)) - ──(U(x, y))⋅──(V(x, y))⋅──(b(x, y))⋅──(b(x, y)) + 0.25⋅⎜──(U(x, 
∂y            ∂x          ∂x          ∂x          ∂y                 ⎝∂y      

    2              2                     2              2                     
   ⎞  ⎛∂          ⎞         ⎛∂          ⎞  ⎛∂          ⎞        ∂           ∂ 
y))⎟ ⋅⎜──(b(x, y))⎟  + 0.25⋅⎜──(U(x, y))⎟ ⋅⎜──(b(x, y))⎟  + 0.5⋅──(U(x, y))⋅──
   ⎠  ⎝∂x         ⎠         ⎝∂y         ⎠  ⎝∂y         ⎠        ∂y          ∂x

                       2                                            2         
          ⎛∂          ⎞        ∂           ∂           ⎛∂          ⎞    ∂     
(V(x, y))⋅⎜──(b(x, y))⎟  + 0.5⋅──(U(x, y))⋅──(V(x, y))⋅⎜──(b(x, y))⎟  - ──(U(x
          ⎝∂x         ⎠        ∂y          ∂x          ⎝∂y         ⎠    ∂y    

                                                              2              2
      ∂           ∂           ∂                  ⎛∂          ⎞  ⎛∂          ⎞ 
, y))⋅──(V(x, y))⋅──(b(x, y))⋅──(b(x, y)) + 0.25⋅⎜──(V(x, y))⎟ ⋅⎜──(b(x, y))⎟ 
      ∂y          ∂x          ∂y                 ⎝∂x         ⎠  ⎝∂x         ⎠ 

                     2              2                                         
        ⎛∂          ⎞  ⎛∂          ⎞    ∂           ∂           ∂           ∂ 
 + 0.25⋅⎜──(V(x, y))⎟ ⋅⎜──(b(x, y))⎟  - ──(V(x, y))⋅──(V(x, y))⋅──(b(x, y))⋅──
        ⎝∂x         ⎠  ⎝∂y         ⎠    ∂x          ∂y          ∂x          ∂y

                             2              2⎞
                ⎛∂          ⎞  ⎛∂          ⎞ ⎟
(b(x, y)) + 1.0⋅⎜──(V(x, y))⎟ ⋅⎜──(b(x, y))⎟ ⎟
                ⎝∂y         ⎠  ⎝∂x         ⎠ ⎠
I1(B14):
0
I1(B15):
0
I1(B16):
   ⎛∂           ∂             ∂           ∂          ⎞
-2⋅⎜──(a(x, y))⋅──(b(x, y)) + ──(a(x, y))⋅──(b(x, y))⎟
   ⎝∂x          ∂x            ∂y          ∂y         ⎠
I1(B17):
0
I1(B18):
0
I1(B19):
0
I1(B20):
0
I1(B21):
                                 ⎛                                            
     ⎛∂             ∂          ⎞ ⎜    ∂           ∂           ∂               
-0.5⋅⎜──(U(x, y)) - ──(V(x, y))⎟⋅⎜1.0⋅──(U(x, y))⋅──(a(x, y))⋅──(a(x, y)) - 0.
     ⎝∂y            ∂x         ⎠ ⎝    ∂x          ∂x          ∂y              

                           2                                2                 
  ∂           ⎛∂          ⎞        ∂           ⎛∂          ⎞        ∂         
5⋅──(U(x, y))⋅⎜──(a(x, y))⎟  + 0.5⋅──(U(x, y))⋅⎜──(a(x, y))⎟  - 0.5⋅──(V(x, y)
  ∂y          ⎝∂x         ⎠        ∂y          ⎝∂y         ⎠        ∂x        

               2                                2                             
  ⎛∂          ⎞        ∂           ⎛∂          ⎞    ∂           ∂           ∂ 
)⋅⎜──(a(x, y))⎟  + 0.5⋅──(V(x, y))⋅⎜──(a(x, y))⎟  - ──(V(x, y))⋅──(a(x, y))⋅──
  ⎝∂x         ⎠        ∂x          ⎝∂y         ⎠    ∂y          ∂x          ∂y

         ⎞
         ⎟
(a(x, y))⎟
         ⎠
I1(B22):
0
I1(B23):
0
I1(B24):
0
I1(B25):
                                 ⎛                                            
     ⎛∂             ∂          ⎞ ⎜    ∂           ∂                  ⎛∂       
-0.5⋅⎜──(U(x, y)) - ──(V(x, y))⎟⋅⎜1.0⋅──(U(x, y))⋅──(V(x, y)) - 0.25⋅⎜──(U(x, 
     ⎝∂y            ∂x         ⎠ ⎝    ∂x          ∂y                 ⎝∂y      

    2                                                   2⎞ ⎛                  
   ⎞        ∂           ∂                  ⎛∂          ⎞ ⎟ ⎜    ∂           ∂ 
y))⎟  - 0.5⋅──(U(x, y))⋅──(V(x, y)) - 0.25⋅⎜──(V(x, y))⎟ ⎟⋅⎜1.0⋅──(U(x, y))⋅──
   ⎠        ∂y          ∂x                 ⎝∂x         ⎠ ⎠ ⎝    ∂x          ∂x

                                                     2                        
          ∂                 ∂           ⎛∂          ⎞        ∂           ⎛∂   
(a(x, y))⋅──(a(x, y)) - 0.5⋅──(U(x, y))⋅⎜──(a(x, y))⎟  + 0.5⋅──(U(x, y))⋅⎜──(a
          ∂y                ∂y          ⎝∂x         ⎠        ∂y          ⎝∂y  

        2                                2                                2   
       ⎞        ∂           ⎛∂          ⎞        ∂           ⎛∂          ⎞    
(x, y))⎟  - 0.5⋅──(V(x, y))⋅⎜──(a(x, y))⎟  + 0.5⋅──(V(x, y))⋅⎜──(a(x, y))⎟  - 
       ⎠        ∂x          ⎝∂x         ⎠        ∂x          ⎝∂y         ⎠    

                                   ⎞
∂           ∂           ∂          ⎟
──(V(x, y))⋅──(a(x, y))⋅──(a(x, y))⎟
∂y          ∂x          ∂y         ⎠
I1(B26):
0
I1(B27):
0
I1(B28):
0
I1(B29):
                                 ⎛                                            
     ⎛∂             ∂          ⎞ ⎜    ∂           ∂           ∂               
-0.5⋅⎜──(U(x, y)) - ──(V(x, y))⎟⋅⎜1.0⋅──(U(x, y))⋅──(b(x, y))⋅──(b(x, y)) - 0.
     ⎝∂y            ∂x         ⎠ ⎝    ∂x          ∂x          ∂y              

                           2                                2                 
  ∂           ⎛∂          ⎞        ∂           ⎛∂          ⎞        ∂         
5⋅──(U(x, y))⋅⎜──(b(x, y))⎟  + 0.5⋅──(U(x, y))⋅⎜──(b(x, y))⎟  - 0.5⋅──(V(x, y)
  ∂y          ⎝∂x         ⎠        ∂y          ⎝∂y         ⎠        ∂x        

               2                                2                             
  ⎛∂          ⎞        ∂           ⎛∂          ⎞    ∂           ∂           ∂ 
)⋅⎜──(b(x, y))⎟  + 0.5⋅──(V(x, y))⋅⎜──(b(x, y))⎟  - ──(V(x, y))⋅──(b(x, y))⋅──
  ⎝∂x         ⎠        ∂x          ⎝∂y         ⎠    ∂y          ∂x          ∂y

         ⎞
         ⎟
(b(x, y))⎟
         ⎠
I1(B30):
0
I1(B31):
0
I1(B32):
0
I1(B33):
                                 ⎛                                            
     ⎛∂             ∂          ⎞ ⎜    ∂           ∂                  ⎛∂       
-0.5⋅⎜──(U(x, y)) - ──(V(x, y))⎟⋅⎜1.0⋅──(U(x, y))⋅──(V(x, y)) - 0.25⋅⎜──(U(x, 
     ⎝∂y            ∂x         ⎠ ⎝    ∂x          ∂y                 ⎝∂y      

    2                                                   2⎞ ⎛                  
   ⎞        ∂           ∂                  ⎛∂          ⎞ ⎟ ⎜    ∂           ∂ 
y))⎟  - 0.5⋅──(U(x, y))⋅──(V(x, y)) - 0.25⋅⎜──(V(x, y))⎟ ⎟⋅⎜1.0⋅──(U(x, y))⋅──
   ⎠        ∂y          ∂x                 ⎝∂x         ⎠ ⎠ ⎝    ∂x          ∂x

                                                     2                        
          ∂                 ∂           ⎛∂          ⎞        ∂           ⎛∂   
(b(x, y))⋅──(b(x, y)) - 0.5⋅──(U(x, y))⋅⎜──(b(x, y))⎟  + 0.5⋅──(U(x, y))⋅⎜──(b
          ∂y                ∂y          ⎝∂x         ⎠        ∂y          ⎝∂y  

        2                                2                                2   
       ⎞        ∂           ⎛∂          ⎞        ∂           ⎛∂          ⎞    
(x, y))⎟  - 0.5⋅──(V(x, y))⋅⎜──(b(x, y))⎟  + 0.5⋅──(V(x, y))⋅⎜──(b(x, y))⎟  - 
       ⎠        ∂x          ⎝∂x         ⎠        ∂x          ⎝∂y         ⎠    

                                   ⎞
∂           ∂           ∂          ⎟
──(V(x, y))⋅──(b(x, y))⋅──(b(x, y))⎟
∂y          ∂x          ∂y         ⎠
I1(B34):
     ⎛    ∂           ∂           ∂                 ∂           ∂           ∂ 
-1.0⋅⎜1.0⋅──(U(x, y))⋅──(a(x, y))⋅──(b(x, y)) - 0.5⋅──(U(x, y))⋅──(a(x, y))⋅──
     ⎝    ∂x          ∂y          ∂y                ∂y          ∂x          ∂y

                ∂           ∂           ∂                 ∂           ∂       
(b(x, y)) - 0.5⋅──(U(x, y))⋅──(a(x, y))⋅──(b(x, y)) - 0.5⋅──(V(x, y))⋅──(a(x, 
                ∂y          ∂y          ∂x                ∂x          ∂x      

    ∂                 ∂           ∂           ∂                 ∂           ∂ 
y))⋅──(b(x, y)) - 0.5⋅──(V(x, y))⋅──(a(x, y))⋅──(b(x, y)) + 1.0⋅──(V(x, y))⋅──
    ∂y                ∂x          ∂y          ∂x                ∂y          ∂x

          ∂          ⎞
(a(x, y))⋅──(b(x, y))⎟
          ∂x         ⎠
I1(B35):
     ⎛                 2                                                      
     ⎜    ⎛∂          ⎞  ∂           ∂                 ∂           ∂          
-1.0⋅⎜1.0⋅⎜──(U(x, y))⎟ ⋅──(a(x, y))⋅──(b(x, y)) - 0.5⋅──(U(x, y))⋅──(U(x, y))
     ⎝    ⎝∂x         ⎠  ∂y          ∂y                ∂x          ∂y         

                                                                              
 ∂           ∂                 ∂           ∂           ∂           ∂          
⋅──(a(x, y))⋅──(b(x, y)) - 0.5⋅──(U(x, y))⋅──(U(x, y))⋅──(a(x, y))⋅──(b(x, y))
 ∂x          ∂y                ∂x          ∂y          ∂y          ∂x         

                                                                              
       ∂           ∂           ∂           ∂                 ∂           ∂    
 - 0.5⋅──(U(x, y))⋅──(V(x, y))⋅──(a(x, y))⋅──(b(x, y)) - 0.5⋅──(U(x, y))⋅──(V(
       ∂x          ∂x          ∂x          ∂y                ∂x          ∂x   

                                                   2                          
       ∂           ∂                  ⎛∂          ⎞  ∂           ∂            
x, y))⋅──(a(x, y))⋅──(b(x, y)) + 0.25⋅⎜──(U(x, y))⎟ ⋅──(a(x, y))⋅──(b(x, y)) +
       ∂y          ∂x                 ⎝∂y         ⎠  ∂x          ∂x           

                   2                                                          
      ⎛∂          ⎞  ∂           ∂                 ∂           ∂           ∂  
 0.25⋅⎜──(U(x, y))⎟ ⋅──(a(x, y))⋅──(b(x, y)) + 0.5⋅──(U(x, y))⋅──(V(x, y))⋅──(
      ⎝∂y         ⎠  ∂y          ∂y                ∂y          ∂x          ∂x 

                                                                              
         ∂                 ∂           ∂           ∂           ∂              
a(x, y))⋅──(b(x, y)) + 0.5⋅──(U(x, y))⋅──(V(x, y))⋅──(a(x, y))⋅──(b(x, y)) - 0
         ∂x                ∂y          ∂x          ∂y          ∂y             

                                                                              
   ∂           ∂           ∂           ∂                 ∂           ∂        
.5⋅──(U(x, y))⋅──(V(x, y))⋅──(a(x, y))⋅──(b(x, y)) - 0.5⋅──(U(x, y))⋅──(V(x, y
   ∂y          ∂y          ∂x          ∂y                ∂y          ∂y       

                                               2                              
   ∂           ∂                  ⎛∂          ⎞  ∂           ∂                
))⋅──(a(x, y))⋅──(b(x, y)) + 0.25⋅⎜──(V(x, y))⎟ ⋅──(a(x, y))⋅──(b(x, y)) + 0.2
   ∂y          ∂x                 ⎝∂x         ⎠  ∂x          ∂x               

               2                                                              
  ⎛∂          ⎞  ∂           ∂                 ∂           ∂           ∂      
5⋅⎜──(V(x, y))⎟ ⋅──(a(x, y))⋅──(b(x, y)) - 0.5⋅──(V(x, y))⋅──(V(x, y))⋅──(a(x,
  ⎝∂x         ⎠  ∂y          ∂y                ∂x          ∂y          ∂x     

                                                                              
     ∂                 ∂           ∂           ∂           ∂                 ⎛
 y))⋅──(b(x, y)) - 0.5⋅──(V(x, y))⋅──(V(x, y))⋅──(a(x, y))⋅──(b(x, y)) + 1.0⋅⎜
     ∂y                ∂x          ∂y          ∂y          ∂x                ⎝

            2                        ⎞
∂          ⎞  ∂           ∂          ⎟
──(V(x, y))⎟ ⋅──(a(x, y))⋅──(b(x, y))⎟
∂y         ⎠  ∂x          ∂x         ⎠
I1(B36):
0
I1(B37):
0
I1(B38):
0
I1(B39):
0
I1(B40):
0
I1(B41):
0
I1(B42):
    ⎛∂           ∂             ∂           ∂          ⎞ ⎛∂             ∂      
0.5⋅⎜──(a(x, y))⋅──(b(x, y)) - ──(a(x, y))⋅──(b(x, y))⎟⋅⎜──(U(x, y)) - ──(V(x,
    ⎝∂x          ∂y            ∂y          ∂x         ⎠ ⎝∂y            ∂x     

    ⎞
 y))⎟
    ⎠
I1(B43):
    ⎛∂             ∂          ⎞ ⎛    ∂           ∂           ∂                
0.5⋅⎜──(U(x, y)) - ──(V(x, y))⎟⋅⎜1.0⋅──(U(x, y))⋅──(a(x, y))⋅──(b(x, y)) - 0.5
    ⎝∂y            ∂x         ⎠ ⎝    ∂x          ∂x          ∂y               

 ∂           ∂           ∂                 ∂           ∂           ∂          
⋅──(U(x, y))⋅──(a(x, y))⋅──(b(x, y)) + 0.5⋅──(U(x, y))⋅──(a(x, y))⋅──(b(x, y))
 ∂y          ∂x          ∂x                ∂y          ∂y          ∂y         

       ∂           ∂           ∂                 ∂           ∂           ∂    
 - 0.5⋅──(V(x, y))⋅──(a(x, y))⋅──(b(x, y)) + 0.5⋅──(V(x, y))⋅──(a(x, y))⋅──(b(
       ∂x          ∂x          ∂x                ∂x          ∂y          ∂y   

         ∂           ∂           ∂          ⎞
x, y)) - ──(V(x, y))⋅──(a(x, y))⋅──(b(x, y))⎟
         ∂y          ∂y          ∂x         ⎠
I1(B44):
    ⎛∂             ∂          ⎞ ⎛    ∂           ∂           ∂                
0.5⋅⎜──(U(x, y)) - ──(V(x, y))⎟⋅⎜1.0⋅──(U(x, y))⋅──(a(x, y))⋅──(b(x, y)) - 0.5
    ⎝∂y            ∂x         ⎠ ⎝    ∂x          ∂y          ∂x               

 ∂           ∂           ∂                 ∂           ∂           ∂          
⋅──(U(x, y))⋅──(a(x, y))⋅──(b(x, y)) + 0.5⋅──(U(x, y))⋅──(a(x, y))⋅──(b(x, y))
 ∂y          ∂x          ∂x                ∂y          ∂y          ∂y         

       ∂           ∂           ∂                 ∂           ∂           ∂    
 - 0.5⋅──(V(x, y))⋅──(a(x, y))⋅──(b(x, y)) + 0.5⋅──(V(x, y))⋅──(a(x, y))⋅──(b(
       ∂x          ∂x          ∂x                ∂x          ∂y          ∂y   

         ∂           ∂           ∂          ⎞
x, y)) - ──(V(x, y))⋅──(a(x, y))⋅──(b(x, y))⎟
         ∂y          ∂x          ∂y         ⎠
I1(B45):
                                ⎛                 2                           
    ⎛∂             ∂          ⎞ ⎜    ⎛∂          ⎞  ∂           ∂             
0.5⋅⎜──(U(x, y)) - ──(V(x, y))⎟⋅⎜1.0⋅⎜──(U(x, y))⎟ ⋅──(a(x, y))⋅──(b(x, y)) - 
    ⎝∂y            ∂x         ⎠ ⎝    ⎝∂x         ⎠  ∂x          ∂y            

                                                                              
    ∂           ∂           ∂           ∂                 ∂           ∂       
0.5⋅──(U(x, y))⋅──(U(x, y))⋅──(a(x, y))⋅──(b(x, y)) + 0.5⋅──(U(x, y))⋅──(U(x, 
    ∂x          ∂y          ∂x          ∂x                ∂x          ∂y      

                                                                              
    ∂           ∂                 ∂           ∂           ∂           ∂       
y))⋅──(a(x, y))⋅──(b(x, y)) - 0.5⋅──(U(x, y))⋅──(V(x, y))⋅──(a(x, y))⋅──(b(x, 
    ∂y          ∂y                ∂x          ∂x          ∂x          ∂x      

                                                                              
          ∂           ∂           ∂           ∂                  ⎛∂          ⎞
y)) + 0.5⋅──(U(x, y))⋅──(V(x, y))⋅──(a(x, y))⋅──(b(x, y)) + 0.25⋅⎜──(U(x, y))⎟
          ∂x          ∂x          ∂y          ∂y                 ⎝∂y         ⎠

2                                             2                               
  ∂           ∂                  ⎛∂          ⎞  ∂           ∂                 
 ⋅──(a(x, y))⋅──(b(x, y)) - 0.25⋅⎜──(U(x, y))⎟ ⋅──(a(x, y))⋅──(b(x, y)) + 0.5⋅
  ∂x          ∂y                 ⎝∂y         ⎠  ∂y          ∂x                

                                                                              
∂           ∂           ∂           ∂                 ∂           ∂           
──(U(x, y))⋅──(V(x, y))⋅──(a(x, y))⋅──(b(x, y)) - 0.5⋅──(U(x, y))⋅──(V(x, y))⋅
∂y          ∂x          ∂x          ∂y                ∂y          ∂x          

                                                                              
∂           ∂                 ∂           ∂           ∂           ∂           
──(a(x, y))⋅──(b(x, y)) - 0.5⋅──(U(x, y))⋅──(V(x, y))⋅──(a(x, y))⋅──(b(x, y)) 
∂y          ∂x                ∂y          ∂y          ∂x          ∂x          

                                                                          2   
      ∂           ∂           ∂           ∂                  ⎛∂          ⎞  ∂ 
+ 0.5⋅──(U(x, y))⋅──(V(x, y))⋅──(a(x, y))⋅──(b(x, y)) + 0.25⋅⎜──(V(x, y))⎟ ⋅──
      ∂y          ∂y          ∂y          ∂y                 ⎝∂x         ⎠  ∂x

                                          2                                   
          ∂                  ⎛∂          ⎞  ∂           ∂                 ∂   
(a(x, y))⋅──(b(x, y)) - 0.25⋅⎜──(V(x, y))⎟ ⋅──(a(x, y))⋅──(b(x, y)) - 0.5⋅──(V
          ∂y                 ⎝∂x         ⎠  ∂y          ∂x                ∂x  

                                                                              
        ∂           ∂           ∂                 ∂           ∂           ∂   
(x, y))⋅──(V(x, y))⋅──(a(x, y))⋅──(b(x, y)) + 0.5⋅──(V(x, y))⋅──(V(x, y))⋅──(a
        ∂y          ∂x          ∂x                ∂x          ∂y          ∂y  

                                   2                        ⎞
        ∂             ⎛∂          ⎞  ∂           ∂          ⎟
(x, y))⋅──(b(x, y)) - ⎜──(V(x, y))⎟ ⋅──(a(x, y))⋅──(b(x, y))⎟
        ∂y            ⎝∂y         ⎠  ∂y          ∂x         ⎠
I1(B46):
                                ⎛                 2                           
    ⎛∂             ∂          ⎞ ⎜    ⎛∂          ⎞  ∂           ∂             
0.5⋅⎜──(U(x, y)) - ──(V(x, y))⎟⋅⎜1.0⋅⎜──(U(x, y))⎟ ⋅──(a(x, y))⋅──(b(x, y)) - 
    ⎝∂y            ∂x         ⎠ ⎝    ⎝∂x         ⎠  ∂y          ∂x            

                                                                              
    ∂           ∂           ∂           ∂                 ∂           ∂       
0.5⋅──(U(x, y))⋅──(U(x, y))⋅──(a(x, y))⋅──(b(x, y)) + 0.5⋅──(U(x, y))⋅──(U(x, 
    ∂x          ∂y          ∂x          ∂x                ∂x          ∂y      

                                                                              
    ∂           ∂                 ∂           ∂           ∂           ∂       
y))⋅──(a(x, y))⋅──(b(x, y)) - 0.5⋅──(U(x, y))⋅──(V(x, y))⋅──(a(x, y))⋅──(b(x, 
    ∂y          ∂y                ∂x          ∂x          ∂x          ∂x      

                                                                              
          ∂           ∂           ∂           ∂                  ⎛∂          ⎞
y)) + 0.5⋅──(U(x, y))⋅──(V(x, y))⋅──(a(x, y))⋅──(b(x, y)) - 0.25⋅⎜──(U(x, y))⎟
          ∂x          ∂x          ∂y          ∂y                 ⎝∂y         ⎠

2                                             2                               
  ∂           ∂                  ⎛∂          ⎞  ∂           ∂                 
 ⋅──(a(x, y))⋅──(b(x, y)) + 0.25⋅⎜──(U(x, y))⎟ ⋅──(a(x, y))⋅──(b(x, y)) - 0.5⋅
  ∂x          ∂y                 ⎝∂y         ⎠  ∂y          ∂x                

                                                                              
∂           ∂           ∂           ∂                 ∂           ∂           
──(U(x, y))⋅──(V(x, y))⋅──(a(x, y))⋅──(b(x, y)) + 0.5⋅──(U(x, y))⋅──(V(x, y))⋅
∂y          ∂x          ∂x          ∂y                ∂y          ∂x          

                                                                              
∂           ∂                 ∂           ∂           ∂           ∂           
──(a(x, y))⋅──(b(x, y)) - 0.5⋅──(U(x, y))⋅──(V(x, y))⋅──(a(x, y))⋅──(b(x, y)) 
∂y          ∂x                ∂y          ∂y          ∂x          ∂x          

                                                                          2   
      ∂           ∂           ∂           ∂                  ⎛∂          ⎞  ∂ 
+ 0.5⋅──(U(x, y))⋅──(V(x, y))⋅──(a(x, y))⋅──(b(x, y)) - 0.25⋅⎜──(V(x, y))⎟ ⋅──
      ∂y          ∂y          ∂y          ∂y                 ⎝∂x         ⎠  ∂x

                                          2                                   
          ∂                  ⎛∂          ⎞  ∂           ∂                 ∂   
(a(x, y))⋅──(b(x, y)) + 0.25⋅⎜──(V(x, y))⎟ ⋅──(a(x, y))⋅──(b(x, y)) - 0.5⋅──(V
          ∂y                 ⎝∂x         ⎠  ∂y          ∂x                ∂x  

                                                                              
        ∂           ∂           ∂                 ∂           ∂           ∂   
(x, y))⋅──(V(x, y))⋅──(a(x, y))⋅──(b(x, y)) + 0.5⋅──(V(x, y))⋅──(V(x, y))⋅──(a
        ∂y          ∂x          ∂x                ∂x          ∂y          ∂y  

                                   2                        ⎞
        ∂             ⎛∂          ⎞  ∂           ∂          ⎟
(x, y))⋅──(b(x, y)) - ⎜──(V(x, y))⎟ ⋅──(a(x, y))⋅──(b(x, y))⎟
        ∂y            ⎝∂y         ⎠  ∂x          ∂y         ⎠
I1(B47):
0
I2(B1):
                                                                              
    ⎛                                                2                        
    ⎜    ∂           ∂                  ⎛∂          ⎞        ∂           ∂    
1.0⋅⎜1.0⋅──(U(x, y))⋅──(V(x, y)) - 0.25⋅⎜──(U(x, y))⎟  - 0.5⋅──(U(x, y))⋅──(V(
    ⎝    ∂x          ∂y                 ⎝∂y         ⎠        ∂y          ∂x   

                             2
                           2⎞ 
              ⎛∂          ⎞ ⎟ 
x, y)) - 0.25⋅⎜──(V(x, y))⎟ ⎟ 
              ⎝∂x         ⎠ ⎠ 
I2(B2):
                                                                              
    ⎛                                                2                        
    ⎜    ∂           ∂                  ⎛∂          ⎞        ∂           ∂    
1.0⋅⎜1.0⋅──(U(x, y))⋅──(V(x, y)) - 0.25⋅⎜──(U(x, y))⎟  - 0.5⋅──(U(x, y))⋅──(V(
    ⎝    ∂x          ∂y                 ⎝∂y         ⎠        ∂y          ∂x   

                             3
                           2⎞ 
              ⎛∂          ⎞ ⎟ 
x, y)) - 0.25⋅⎜──(V(x, y))⎟ ⎟ 
              ⎝∂x         ⎠ ⎠ 
I2(B3):
                                      4
       ⎛    ∂             ∂          ⎞ 
0.0625⋅⎜1.0⋅──(U(x, y)) - ──(V(x, y))⎟ 
       ⎝    ∂y            ∂x         ⎠ 
I2(B4):
                                             2
    ⎛                 2                    2⎞ 
    ⎜    ⎛∂          ⎞        ⎛∂          ⎞ ⎟ 
1.0⋅⎜1.0⋅⎜──(a(x, y))⎟  + 1.0⋅⎜──(a(x, y))⎟ ⎟ 
    ⎝    ⎝∂x         ⎠        ⎝∂y         ⎠ ⎠ 
I2(B5):
                                             2
    ⎛                 2                    2⎞ 
    ⎜    ⎛∂          ⎞        ⎛∂          ⎞ ⎟ 
1.0⋅⎜1.0⋅⎜──(b(x, y))⎟  + 1.0⋅⎜──(b(x, y))⎟ ⎟ 
    ⎝    ⎝∂x         ⎠        ⎝∂y         ⎠ ⎠ 
I2(B6):
                                      4 ⎛                                     
       ⎛    ∂             ∂          ⎞  ⎜    ∂           ∂                  ⎛∂
0.0625⋅⎜1.0⋅──(U(x, y)) - ──(V(x, y))⎟ ⋅⎜1.0⋅──(U(x, y))⋅──(V(x, y)) - 0.25⋅⎜─
       ⎝    ∂y            ∂x         ⎠  ⎝    ∂x          ∂y                 ⎝∂

           2                                                   2⎞
          ⎞        ∂           ∂                  ⎛∂          ⎞ ⎟
─(U(x, y))⎟  - 0.5⋅──(U(x, y))⋅──(V(x, y)) - 0.25⋅⎜──(V(x, y))⎟ ⎟
y         ⎠        ∂y          ∂x                 ⎝∂x         ⎠ ⎠
I2(B7):
                                                                              
                                      4 ⎛                                     
       ⎛    ∂             ∂          ⎞  ⎜    ∂           ∂                  ⎛∂
0.0625⋅⎜1.0⋅──(U(x, y)) - ──(V(x, y))⎟ ⋅⎜1.0⋅──(U(x, y))⋅──(V(x, y)) - 0.25⋅⎜─
       ⎝    ∂y            ∂x         ⎠  ⎝    ∂x          ∂y                 ⎝∂

                                                                 2
           2                                                   2⎞ 
          ⎞        ∂           ∂                  ⎛∂          ⎞ ⎟ 
─(U(x, y))⎟  - 0.5⋅──(U(x, y))⋅──(V(x, y)) - 0.25⋅⎜──(V(x, y))⎟ ⎟ 
y         ⎠        ∂y          ∂x                 ⎝∂x         ⎠ ⎠ 
I2(B8):
                                                                              
                                        6 ⎛                                   
         ⎛    ∂             ∂          ⎞  ⎜    ∂           ∂                  
0.015625⋅⎜1.0⋅──(U(x, y)) - ──(V(x, y))⎟ ⋅⎜1.0⋅──(U(x, y))⋅──(V(x, y)) - 0.25⋅
         ⎝    ∂y            ∂x         ⎠  ⎝    ∂x          ∂y                 

                                                                   3
             2                                                   2⎞ 
⎛∂          ⎞        ∂           ∂                  ⎛∂          ⎞ ⎟ 
⎜──(U(x, y))⎟  - 0.5⋅──(U(x, y))⋅──(V(x, y)) - 0.25⋅⎜──(V(x, y))⎟ ⎟ 
⎝∂y         ⎠        ∂y          ∂x                 ⎝∂x         ⎠ ⎠ 
I2(B9):
0
I2(B10):
0
I2(B11):
0
I2(B12):
0
I2(B13):
0
I2(B14):
0
I2(B15):
0
I2(B16):
                                                               2
    ⎛    ∂           ∂                 ∂           ∂          ⎞ 
1.0⋅⎜1.0⋅──(a(x, y))⋅──(b(x, y)) + 1.0⋅──(a(x, y))⋅──(b(x, y))⎟ 
    ⎝    ∂x          ∂x                ∂y          ∂y         ⎠ 
I2(B17):
0
I2(B18):
0
I2(B19):
0
I2(B20):
0
I2(B21):
0
I2(B22):
0
I2(B23):
0
I2(B24):
0
I2(B25):
0
I2(B26):
0
I2(B27):
0
I2(B28):
0
I2(B29):
0
I2(B30):
0
I2(B31):
0
I2(B32):
