
=========== CASE: 2D_XY ===========


 Tensor: 1
[[1. 1. 0.]
 [1. 1. 0.]
 [0. 0. 0.]]

 Tensor: 2
[[1. 1. 0.]
 [1. 1. 0.]
 [0. 0. 0.]]

 Tensor: 3
[[1. 0. 0.]
 [0. 1. 0.]
 [0. 0. 1.]]

 Tensor: 4
[[1. 0. 0.]
 [0. 1. 0.]
 [0. 0. 1.]]

 Tensor: 5
[[0. 0. 0.]
 [0. 0. 0.]
 [0. 0. 0.]]

 Tensor: 6
[[1. 1. 0.]
 [1. 1. 0.]
 [0. 0. 0.]]

 Tensor: 7
[[1. 1. 0.]
 [1. 1. 0.]
 [0. 0. 0.]]

 Tensor: 8
[[1. 1. 0.]
 [1. 1. 0.]
 [0. 0. 0.]]

 Tensor: 9
[[1. 0. 0.]
 [0. 1. 0.]
 [0. 0. 1.]]

 Tensor: 10
[[0. 0. 0.]
 [0. 0. 0.]
 [0. 0. 0.]]

=========== CASE: 2D_XZ ===========


 Tensor: 1
[[1. 0. 1.]
 [0. 0. 0.]
 [1. 0. 1.]]

 Tensor: 2
[[1. 0. 1.]
 [0. 0. 0.]
 [1. 0. 1.]]

 Tensor: 3
[[1. 0. 0.]
 [0. 1. 0.]
 [0. 0. 1.]]

 Tensor: 4
[[1. 0. 0.]
 [0. 1. 0.]
 [0. 0. 1.]]

 Tensor: 5
[[0. 0. 0.]
 [0. 0. 0.]
 [0. 0. 0.]]

 Tensor: 6
[[1. 0. 1.]
 [0. 0. 0.]
 [1. 0. 1.]]

 Tensor: 7
[[1. 0. 1.]
 [0. 0. 0.]
 [1. 0. 1.]]

 Tensor: 8
[[1. 0. 1.]
 [0. 0. 0.]
 [1. 0. 1.]]

 Tensor: 9
[[1. 0. 0.]
 [0. 1. 0.]
 [0. 0. 1.]]

 Tensor: 10
[[0. 0. 0.]
 [0. 0. 0.]
 [0. 0. 0.]]

=========== CASE: 2D_YZ ===========


 Tensor: 1
[[0. 0. 0.]
 [0. 1. 1.]
 [0. 1. 1.]]

 Tensor: 2
[[0. 0. 0.]
 [0. 1. 1.]
 [0. 1. 1.]]

 Tensor: 3
[[1. 0. 0.]
 [0. 1. 0.]
 [0. 0. 1.]]

 Tensor: 4
[[1. 0. 0.]
 [0. 1. 0.]
 [0. 0. 1.]]

 Tensor: 5
[[0. 0. 0.]
 [0. 0. 0.]
 [0. 0. 0.]]

 Tensor: 6
[[0. 0. 0.]
 [0. 1. 1.]
 [0. 1. 1.]]

 Tensor: 7
[[0. 0. 0.]
 [0. 1. 1.]
 [0. 1. 1.]]

 Tensor: 8
[[0. 0. 0.]
 [0. 1. 1.]
 [0. 1. 1.]]

 Tensor: 9
[[1. 0. 0.]
 [0. 1. 0.]
 [0. 0. 1.]]

 Tensor: 10
[[0. 0. 0.]
 [0. 0. 0.]
 [0. 0. 0.]]

=========== CASE: DUCT ===========


 Tensor: 1
[[0. 1. 1.]
 [1. 0. 0.]
 [1. 0. 0.]]

 Tensor: 2
[[1. 0. 0.]
 [0. 1. 1.]
 [0. 1. 1.]]

 Tensor: 3
[[1. 0. 0.]
 [0. 1. 1.]
 [0. 1. 1.]]

 Tensor: 4
[[1. 0. 0.]
 [0. 1. 1.]
 [0. 1. 1.]]

 Tensor: 5
[[0. 0. 0.]
 [0. 0. 0.]
 [0. 0. 0.]]

 Tensor: 6
[[0. 1. 1.]
 [1. 0. 0.]
 [1. 0. 0.]]

 Tensor: 7
[[1. 0. 0.]
 [0. 1. 1.]
 [0. 1. 1.]]

 Tensor: 8
[[1. 0. 0.]
 [0. 1. 1.]
 [0. 1. 1.]]

 Tensor: 9
[[1. 0. 0.]
 [0. 1. 1.]
 [0. 1. 1.]]

 Tensor: 10
[[0. 0. 0.]
 [0. 0. 0.]
 [0. 0. 0.]]
